  BackGround.cpp
  BaseUI.cpp
  Bullet.cpp
  Enemy.cpp
  GameMgr.cpp
  GameObject.cpp
  ObjectMgr.cpp
  Player.cpp
  PlayerUI.cpp
  ScrollMgr.cpp
  Terrain.cpp
  Timer.cpp
  텍스트게임.cpp
C:\Users\우석\TextGame2\텍스트게임\텍스트게임.cpp(34,68): warning C4244: '인수': 'int'에서 'float'(으)로 변환하면서 데이터가 손실될 수 있습니다.
C:\Users\우석\TextGame2\텍스트게임\텍스트게임.cpp(34,65): warning C4244: '인수': 'int'에서 'float'(으)로 변환하면서 데이터가 손실될 수 있습니다.
C:\Users\우석\TextGame2\텍스트게임\텍스트게임.cpp(46,115): warning C4244: '인수': 'int'에서 'float'(으)로 변환하면서 데이터가 손실될 수 있습니다.
C:\Users\우석\TextGame2\텍스트게임\텍스트게임.cpp(46,110): warning C4244: '인수': 'int'에서 'float'(으)로 변환하면서 데이터가 손실될 수 있습니다.
C:\Users\우석\TextGame2\텍스트게임\텍스트게임.cpp(49,114): warning C4244: '인수': 'int'에서 'float'(으)로 변환하면서 데이터가 손실될 수 있습니다.
C:\Users\우석\TextGame2\텍스트게임\텍스트게임.cpp(49,110): warning C4244: '인수': 'int'에서 'float'(으)로 변환하면서 데이터가 손실될 수 있습니다.
C:\Users\우석\TextGame2\텍스트게임\텍스트게임.cpp(52,115): warning C4244: '인수': 'int'에서 'float'(으)로 변환하면서 데이터가 손실될 수 있습니다.
C:\Users\우석\TextGame2\텍스트게임\텍스트게임.cpp(52,110): warning C4244: '인수': 'int'에서 'float'(으)로 변환하면서 데이터가 손실될 수 있습니다.
C:\Users\우석\TextGame2\텍스트게임\텍스트게임.cpp(60,99): warning C4244: '인수': 'int'에서 'float'(으)로 변환하면서 데이터가 손실될 수 있습니다.
C:\Users\우석\TextGame2\텍스트게임\텍스트게임.cpp(60,96): warning C4244: '인수': 'int'에서 'float'(으)로 변환하면서 데이터가 손실될 수 있습니다.
C:\Users\우석\TextGame2\텍스트게임\텍스트게임.cpp(64,96): warning C4244: '인수': 'int'에서 'float'(으)로 변환하면서 데이터가 손실될 수 있습니다.
C:\Users\우석\TextGame2\텍스트게임\텍스트게임.cpp(64,93): warning C4244: '인수': 'int'에서 'float'(으)로 변환하면서 데이터가 손실될 수 있습니다.
  코드를 생성하고 있습니다...
  LINK : C:\Users\우석\TextGame2\x64\Debug\텍스트게임.exe을(를) 찾을 수 없거나 마지막 증분 링크에 의해 빌드되지 않았습니다. 전체 링크를 수행하고 있습니다.
  텍스트게임.vcxproj -> C:\Users\우석\TextGame2\x64\Debug\텍스트게임.exe
